<?xml version="1.0" encoding="UTF-8"?>
<testsuite name="com.neo.controller.HelloTests" time="0.014" tests="1" errors="1" skipped="0" failures="0">
  <properties>
[...]
</properties>
  <testcase name="getHello" classname="com.neo.controller.HelloTests" time="0.014">
    <error message="javax/xml/bind/ValidationException" type="java.lang.NoClassDefFoundError"><![CDATA[java.lang.NoClassDefFoundError: javax/xml/bind/ValidationException
	at java.base/jdk.internal.loader.BuiltinClassLoader.loadClass(BuiltinClassLoader.java:641)
	at java.base/jdk.internal.loader.ClassLoaders$AppClassLoader.loadClass(ClassLoaders.java:188)
	at java.base/java.lang.ClassLoader.loadClass(ClassLoader.java:521)
	at org.hibernate.validator.internal.engine.ConfigurationImpl.<init>(ConfigurationImpl.java:129)
	at org.hibernate.validator.internal.engine.ConfigurationImpl.<init>(ConfigurationImpl.java:96)
	at org.hibernate.validator.HibernateValidator.createGenericConfiguration(HibernateValidator.java:31)
	at javax.validation.Validation$GenericBootstrapImpl.configure(Validation.java:276)
	at org.springframework.validation.beanvalidation.LocalValidatorFactoryBean.afterPropertiesSet(LocalValidatorFactoryBean.java:223)
	at org.springframework.validation.beanvalidation.OptionalValidatorFactoryBean.afterPropertiesSet(OptionalValidatorFactoryBean.java:40)
	at org.springframework.test.web.servlet.setup.StandaloneMockMvcBuilder$StandaloneConfiguration.mvcValidator(StandaloneMockMvcBuilder.java:441)
	at org.springframework.web.servlet.config.annotation.WebMvcConfigurationSupport.getConfigurableWebBindingInitializer(WebMvcConfigurationSupport.java:522)
	at org.springframework.web.servlet.config.annotation.WebMvcConfigurationSupport.requestMappingHandlerAdapter(WebMvcConfigurationSupport.java:486)
	at org.springframework.test.web.servlet.setup.StandaloneMockMvcBuilder.registerMvcSingletons(StandaloneMockMvcBuilder.java:349)
	at org.springframework.test.web.servlet.setup.StandaloneMockMvcBuilder.initWebAppContext(StandaloneMockMvcBuilder.java:331)
	at org.springframework.test.web.servlet.setup.AbstractMockMvcBuilder.build(AbstractMockMvcBuilder.java:127)
	at com.neo.controller.HelloTests.setUp(HelloTests.java:29)
]]></error>
    <system-out><![CDATA[2023-01-22 15:06:24.996  INFO 88144 --- [           main] o.s.t.c.support.AbstractContextLoader    : Could not detect default resource locations for test class [com.neo.controller.HelloTests]: no resource found for suffixes {-context.xml, Context.groovy}.
2023-01-22 15:06:24.997  INFO 88144 --- [           main] o.s.t.c.web.WebTestContextBootstrapper   : Loaded default TestExecutionListener class names from location [META-INF/spring.factories]: [org.springframework.test.context.web.ServletTestExecutionListener, org.springframework.test.context.support.DirtiesContextBeforeModesTestExecutionListener, org.springframework.test.context.support.DependencyInjectionTestExecutionListener, org.springframework.test.context.support.DirtiesContextTestExecutionListener, org.springframework.test.context.transaction.TransactionalTestExecutionListener, org.springframework.test.context.jdbc.SqlScriptsTestExecutionListener]
2023-01-22 15:06:24.998  INFO 88144 --- [           main] o.s.t.c.web.WebTestContextBootstrapper   : Could not instantiate TestExecutionListener [org.springframework.test.context.transaction.TransactionalTestExecutionListener]. Specify custom listener classes or make the default listener classes (and their required dependencies) available. Offending class: [org/springframework/transaction/interceptor/TransactionAttributeSource]
2023-01-22 15:06:24.998  INFO 88144 --- [           main] o.s.t.c.web.WebTestContextBootstrapper   : Could not instantiate TestExecutionListener [org.springframework.test.context.jdbc.SqlScriptsTestExecutionListener]. Specify custom listener classes or make the default listener classes (and their required dependencies) available. Offending class: [org/springframework/transaction/interceptor/TransactionAttribute]
2023-01-22 15:06:24.998  INFO 88144 --- [           main] o.s.t.c.web.WebTestContextBootstrapper   : Using TestExecutionListeners: [org.springframework.test.context.web.ServletTestExecutionListener@4275c20c, org.springframework.test.context.support.DirtiesContextBeforeModesTestExecutionListener@7c56e013, org.springframework.test.context.support.DependencyInjectionTestExecutionListener@3fc9dfc5, org.springframework.test.context.support.DirtiesContextTestExecutionListener@40258c2f]

  .   ____          _            __ _ _
 /\\ / ___'_ __ _ _(_)_ __  __ _ \ \ \ \
( ( )\___ | '_ | '_| | '_ \/ _` | \ \ \ \
 \\/  ___)| |_)| | | | | || (_| |  ) ) ) )
  '  |____| .__|_| |_|_| |_\__, | / / / /
 =========|_|==============|___/=/_/_/_/
 :: Spring Boot ::        (v1.3.6.RELEASE)

2023-01-22 15:06:25.035  INFO 88144 --- [           main] com.neo.controller.HelloTests            : Starting HelloTests on SCM-L-M-028.local with PID 88144 (/Users/hur/spring-boot-examples/spring-boot-package-war/target/test-classes started by hur in /Users/hur/spring-boot-examples/spring-boot-package-war)
2023-01-22 15:06:25.035  INFO 88144 --- [           main] com.neo.controller.HelloTests            : No active profile set, falling back to default profiles: default
2023-01-22 15:06:25.036  INFO 88144 --- [           main] o.s.w.c.s.GenericWebApplicationContext   : Refreshing org.springframework.web.context.support.GenericWebApplicationContext@4f936da8: startup date [Sun Jan 22 15:06:25 IST 2023]; root of context hierarchy
2023-01-22 15:06:25.090  INFO 88144 --- [           main] com.neo.controller.HelloTests            : Started HelloTests in 0.08 seconds (JVM running for 1.362)
2023-01-22 15:06:25.194  INFO 88144 --- [           main] ilder$StaticRequestMappingHandlerMapping : Mapped "{[/hello]}" onto public java.lang.String com.neo.controller.HelloWorldController.index()
]]></system-out>
  </testcase>
</testsuite>